\BOOKMARK [1][-]{section.1}{Introduction}{}% 1
\BOOKMARK [1][-]{section.2}{Method}{}% 2
\BOOKMARK [2][-]{subsection.2.1}{Preprocessing}{section.2}% 3
\BOOKMARK [3][-]{subsubsection.2.1.1}{Negation Replacement \(N\)}{subsection.2.1}% 4
\BOOKMARK [3][-]{subsubsection.2.1.2}{Word Cancellation \(S\)}{subsection.2.1}% 5
\BOOKMARK [3][-]{subsubsection.2.1.3}{Tag Removal \(R\)}{subsection.2.1}% 6
\BOOKMARK [3][-]{subsubsection.2.1.4}{Negation Connection \(C\) and Negation Disconnection \(D\)}{subsection.2.1}% 7
\BOOKMARK [3][-]{subsubsection.2.1.5}{Short Word Removal \(3\)}{subsection.2.1}% 8
\BOOKMARK [3][-]{subsubsection.2.1.6}{Same-Letter Sequence Removal \(M\)}{subsection.2.1}% 9
\BOOKMARK [3][-]{subsubsection.2.1.7}{Word Type Filtering \(W\)}{subsection.2.1}% 10
\BOOKMARK [2][-]{subsection.2.2}{Word embeddings}{section.2}% 11
\BOOKMARK [2][-]{subsection.2.3}{Classification}{section.2}% 12
\BOOKMARK [1][-]{section.3}{Results}{}% 13
\BOOKMARK [2][-]{subsection.3.1}{Baselines}{section.3}% 14
\BOOKMARK [2][-]{subsection.3.2}{Preprocessing}{section.3}% 15
\BOOKMARK [3][-]{subsubsection.3.2.1}{Setup and Process for Evaluation}{subsection.3.2}% 16
\BOOKMARK [3][-]{table.1}{Results for Logistic Regression}{subsection.3.2}% 17
\BOOKMARK [3][-]{subsubsection.3.2.3}{Results for RNN}{subsection.3.2}% 18
\BOOKMARK [3][-]{subsubsection.3.2.4}{Comparison of Classifiers}{subsection.3.2}% 19
\BOOKMARK [2][-]{subsection.3.3}{Word-Vector Embeddings}{section.3}% 20
\BOOKMARK [2][-]{subsection.3.4}{Classification}{section.3}% 21
\BOOKMARK [1][-]{section.4}{Discussion}{}% 22
\BOOKMARK [1][-]{section.5}{Summary}{}% 23
\BOOKMARK [1][-]{section*.1}{References}{}% 24
